<?xml version="1.0" encoding="utf-8"?><testsuites name="pytest tests"><testsuite name="pytest" errors="1" failures="0" skipped="0" tests="1" time="0.398" timestamp="2026-04-22T16:35:22.291050+00:00" hostname="agent-env-6847628e-59da-421c-8c22-63c7855e9298"><testcase classname="" name="backend.tests.test_enroll" time="0.000"><error message="collection failure">backend/tests/test_enroll.py:5: in &lt;module&gt;
    BASE_URL = os.environ.get('REACT_APP_BACKEND_URL').rstrip('/')
               ^^^^^^^^^^^^^^^^^^^^^^^^^^^^^^^^^^^^^^^^^^^^^^
E   AttributeError: 'NoneType' object has no attribute 'rstrip'</error></testcase></testsuite></testsuites>